<?xml version="1.0" encoding="UTF-8" ?>
<testsuite tests="60" failures="0" name="net.mooctest.AStarTest" time="0.085" errors="0" skipped="0">
  <properties>
[...]
</properties>
  <testcase classname="net.mooctest.AStarTest" name="testThreadLocalAStar_BasicFunctionality" time="0.013"/>
  <testcase classname="net.mooctest.AStarTest" name="testReachability_ComplexDiagonal_ShouldWorkCorrectly" time="0.001"/>
  <testcase classname="net.mooctest.AStarTest" name="testNodes_HeapOperationsDetailed" time="0.001"/>
  <testcase classname="net.mooctest.AStarTest" name="testPath_BasicOperations" time="0"/>
  <testcase classname="net.mooctest.AStarTest" name="testGrid_ParentDirectionOperations" time="0"/>
  <testcase classname="net.mooctest.AStarTest" name="testCheck_FalseCondition_ShouldThrowException" time="0"/>
  <testcase classname="net.mooctest.AStarTest" name="testNode_CreationAndAccess" time="0.001"/>
  <testcase classname="net.mooctest.AStarTest" name="testPerformance_LargeGrid" time="0.002"/>
  <testcase classname="net.mooctest.AStarTest" name="testReachability_BasicCheck" time="0"/>
  <testcase classname="net.mooctest.AStarTest" name="testMask_InvalidBitCount_ShouldThrowException" time="0"/>
  <testcase classname="net.mooctest.AStarTest" name="testReachability_WithObstacles" time="0.024"/>
  <testcase classname="net.mooctest.AStarTest" name="testSearch_Exception_ShouldCleanUpState" time="0"/>
  <testcase classname="net.mooctest.AStarTest" name="testSearch_WithPathSmoothing_ShouldReturnSmootherPath" time="0"/>
  <testcase classname="net.mooctest.AStarTest" name="testSearch_GridBoundary_ShouldWorkCorrectly" time="0.001"/>
  <testcase classname="net.mooctest.AStarTest" name="testPath_CapacityGrowth" time="0"/>
  <testcase classname="net.mooctest.AStarTest" name="testNodes_CapacityGrowth" time="0"/>
  <testcase classname="net.mooctest.AStarTest" name="testSearch_SameStartAndEnd_ShouldReturnEmptyPath" time="0"/>
  <testcase classname="net.mooctest.AStarTest" name="testUtils_BasicChecks" time="0"/>
  <testcase classname="net.mooctest.AStarTest" name="testNodes_HeapOperations" time="0"/>
  <testcase classname="net.mooctest.AStarTest" name="testVoidSearch_ShouldFillProvidedPath" time="0"/>
  <testcase classname="net.mooctest.AStarTest" name="testNodes_BasicOperations" time="0"/>
  <testcase classname="net.mooctest.AStarTest" name="testGrid_ClearOperations" time="0"/>
  <testcase classname="net.mooctest.AStarTest" name="testNode_NegativeF_ShouldThrowException" time="0"/>
  <testcase classname="net.mooctest.AStarTest" name="testGrid_BoundaryChecks" time="0"/>
  <testcase classname="net.mooctest.AStarTest" name="testPath_PointAccess" time="0.001"/>
  <testcase classname="net.mooctest.AStarTest" name="testOpen_AllDirections_ShouldWorkCorrectly" time="0"/>
  <testcase classname="net.mooctest.AStarTest" name="testSearch_UnreachableTarget_ShouldReturnEmptyPath" time="0"/>
  <testcase classname="net.mooctest.AStarTest" name="testFillPath_WithSmoothing_ShouldWorkCorrectly" time="0"/>
  <testcase classname="net.mooctest.AStarTest" name="testSearch_BasicPathFinding_WithoutObstacles" time="0.001"/>
  <testcase classname="net.mooctest.AStarTest" name="testSearch_UnwalkableStart_ShouldReturnEmptyPath" time="0"/>
  <testcase classname="net.mooctest.AStarTest" name="testReachability_ClosestWalkablePoint" time="0"/>
  <testcase classname="net.mooctest.AStarTest" name="testPoint_CoordinateConversion" time="0"/>
  <testcase classname="net.mooctest.AStarTest" name="testComplexPathSmoothing" time="0"/>
  <testcase classname="net.mooctest.AStarTest" name="testPath_EdgeCases" time="0"/>
  <testcase classname="net.mooctest.AStarTest" name="testSearch_UnwalkableEnd_ShouldReturnEmptyPath" time="0"/>
  <testcase classname="net.mooctest.AStarTest" name="testNodes_EmptyHeap_CloseShouldReturnZero" time="0.001"/>
  <testcase classname="net.mooctest.AStarTest" name="testThreadSafety" time="0.004"/>
  <testcase classname="net.mooctest.AStarTest" name="testReachability_WithFence" time="0.003"/>
  <testcase classname="net.mooctest.AStarTest" name="testPath_RemoveOperation" time="0"/>
  <testcase classname="net.mooctest.AStarTest" name="testReachability_WithScale" time="0"/>
  <testcase classname="net.mooctest.AStarTest" name="testReachability_InvalidScale_ShouldThrowException" time="0"/>
  <testcase classname="net.mooctest.AStarTest" name="testGrid_NodeInfoOperations" time="0"/>
  <testcase classname="net.mooctest.AStarTest" name="testOpen_WithObstacleChecks_ShouldHandleCorrectly" time="0"/>
  <testcase classname="net.mooctest.AStarTest" name="testNodes_MaxCapacityExceeded_ShouldThrowException" time="0.002"/>
  <testcase classname="net.mooctest.AStarTest" name="testNode_SetGF" time="0"/>
  <testcase classname="net.mooctest.AStarTest" name="testReachability_BasicScaleOperations" time="0.001"/>
  <testcase classname="net.mooctest.AStarTest" name="testComplexPathfinding" time="0"/>
  <testcase classname="net.mooctest.AStarTest" name="testTooLongPathException" time="0.001"/>
  <testcase classname="net.mooctest.AStarTest" name="testSearch_WithObstacles_ShouldFindAlternativePath" time="0.001"/>
  <testcase classname="net.mooctest.AStarTest" name="testGrid_EdgeCases" time="0"/>
  <testcase classname="net.mooctest.AStarTest" name="testMask_BitCountTooLarge_ShouldThrowException" time="0"/>
  <testcase classname="net.mooctest.AStarTest" name="testGrid_BasicOperations" time="0.001"/>
  <testcase classname="net.mooctest.AStarTest" name="testUtils_Mask" time="0"/>
  <testcase classname="net.mooctest.AStarTest" name="testCost_HeuristicCalculation" time="0"/>
  <testcase classname="net.mooctest.AStarTest" name="testCost_Constants" time="0.001"/>
  <testcase classname="net.mooctest.AStarTest" name="testPath_ClearOperation" time="0"/>
  <testcase classname="net.mooctest.AStarTest" name="testCheck_FalseConditionWithFormat_ShouldThrowException" time="0.025"/>
  <testcase classname="net.mooctest.AStarTest" name="testNodes_NodeUpdate" time="0"/>
  <testcase classname="net.mooctest.AStarTest" name="testStateCleanup" time="0"/>
  <testcase classname="net.mooctest.AStarTest" name="testCheck_FalseConditionWithMessage_ShouldThrowException" time="0"/>
</testsuite>