GROUP,PACKAGE,CLASS,INSTRUCTION_MISSED,INSTRUCTION_COVERED,BRANCH_MISSED,BRANCH_COVERED,LINE_MISSED,LINE_COVERED,COMPLEXITY_MISSED,COMPLEXITY_COVERED,METHOD_MISSED,METHOD_COVERED
SortFactory,net.mooctest,ParallelMergeSort,112,0,6,0,22,0,9,0,6,0
SortFactory,net.mooctest,BSTDataStructure.Node,15,0,0,0,4,0,1,0,1,0
SortFactory,net.mooctest,OptimizedQuickSort,308,9,26,0,59,3,23,1,10,1
SortFactory,net.mooctest,ParallelMergeSort.MergeSortTask,181,0,16,0,29,0,11,0,3,0
SortFactory,net.mooctest,HashTableDataStructure,96,0,4,0,19,0,9,0,7,0
SortFactory,net.mooctest,LinkedListDataStructure.Node,12,0,0,0,4,0,1,0,1,0
SortFactory,net.mooctest,QuickSort,193,0,12,0,41,0,15,0,9,0
SortFactory,net.mooctest,ConcurrentAlgorithmManager,95,0,4,0,20,0,8,0,6,0
SortFactory,net.mooctest,PerformanceTracker,64,0,2,0,13,0,6,0,5,0
SortFactory,net.mooctest,InvalidDataException,4,0,0,0,2,0,1,0,1,0
SortFactory,net.mooctest,HeapDataStructure,81,0,4,0,17,0,9,0,7,0
SortFactory,net.mooctest,AlgorithmPerformance,96,0,0,0,19,0,7,0,7,0
SortFactory,net.mooctest,ArrayDataStructure,101,0,6,0,20,0,10,0,7,0
SortFactory,net.mooctest,MultiThreadedSearch,115,0,12,0,20,0,11,0,5,0
SortFactory,net.mooctest,AlgorithmManager,80,0,8,0,18,0,9,0,5,0
SortFactory,net.mooctest,ConcurrencyException,4,0,0,0,2,0,1,0,1,0
SortFactory,net.mooctest,AlgorithmNotFoundException,4,0,0,0,2,0,1,0,1,0
SortFactory,net.mooctest,AlgorithmFactory,21,16,3,1,3,3,3,2,0,2
SortFactory,net.mooctest,DynamicAlgorithmManager,60,0,8,0,16,0,8,0,4,0
SortFactory,net.mooctest,BubbleSort,126,0,10,0,26,0,11,0,6,0
SortFactory,net.mooctest,LinkedListDataStructure,159,0,16,0,39,0,15,0,7,0
SortFactory,net.mooctest,BSTDataStructure,139,0,10,0,30,0,14,0,9,0
